@(#)$CDS: LVS.exe version 5.1.0 06/20/2007 02:10 (cicln03) $

Command line: /usr/Cadence/tools.lnx86/dfII/bin/32bit/LVS.exe -dir /home/vlsi4/groupwork/LVS -l -s -t /home/vlsi4/groupwork/LVS/layout /home/vlsi4/groupwork/LVS/schematic
Like matching is enabled.
Net swapping is enabled.
Using terminal names as correspondence points.

    Net-list summary for /home/vlsi4/groupwork/LVS/layout/netlist
       count
	219		nets
	22		terminals
	214		pmos
	214		nmos

    Net-list summary for /home/vlsi4/groupwork/LVS/schematic/netlist
       count
	219		nets
	23		terminals
	214		pmos
	214		nmos


    Terminal correspondence points
    N127      N17       CLK
    N203      N30       D0
    N65       N11       D1
    N87       N28       D2
    N2        N2        D3
    N80       N23       D4
    N61       N4        D5
    N8        N8        D6
    N183      N21       D7
    N75       N22       RESET
    N102      N31       S0
    N146      N29       S1
    N82       N25       S2
    N182      N20       X0
    N213      N33       X1
    N63       N7        X2
    N212      N32       X3
    N50       N34       X4
    N108      N37       X5
    N128      N16       X6
    N143      N26       X7
    N1        N0        vdd!

Devices in the netlist but not in the rules:
        pcapacitor
Devices in the rules but not in the netlist:
        cap nfet pfet nmos4 pmos4

The net-lists match.

			     layout  schematic
				instances
	un-matched		0	0
	rewired			0	0
	size errors		0	0
	pruned			0	0
	active			428	428
	total			428	428

				  nets
	un-matched		0	0
	merged			0	0
	pruned			0	0
	active			219	219
	total			219	219

				terminals
	un-matched		0	0
	matched but
	different type		0	0
	total			22	23


Probe files from /home/vlsi4/groupwork/LVS/schematic

devbad.out:

netbad.out:

mergenet.out:

termbad.out:

prunenet.out:

prunedev.out:

audit.out:


Probe files from /home/vlsi4/groupwork/LVS/layout

devbad.out:

netbad.out:

mergenet.out:

termbad.out:

prunenet.out:

prunedev.out:

audit.out:
